[debug] [2021-09-27T07:07:43.221Z] ----------------------------------------------------------------------
[debug] [2021-09-27T07:07:43.222Z] Command:       /usr/local/bin/firebase /Users/kosu/.cache/firebase/tools/lib/node_modules/firebase-tools/lib/bin/firebase emulators:start --only functions
[debug] [2021-09-27T07:07:43.223Z] CLI Version:   9.18.0
[debug] [2021-09-27T07:07:43.223Z] Platform:      darwin
[debug] [2021-09-27T07:07:43.223Z] Node Version:  v12.18.1
[debug] [2021-09-27T07:07:43.232Z] Time:          Mon Sep 27 2021 16:07:43 GMT+0900 (GMT+09:00)
[debug] [2021-09-27T07:07:43.232Z] ----------------------------------------------------------------------
[debug] 
[debug] [2021-09-27T07:07:43.289Z] > command requires scopes: ["email","openid","https://www.googleapis.com/auth/cloudplatformprojects.readonly","https://www.googleapis.com/auth/firebase","https://www.googleapis.com/auth/cloud-platform"]
[debug] [2021-09-27T07:07:43.290Z] > authorizing via signed-in user (kosumon27@gmail.com)
[info] i  emulators: Starting emulators: functions {"metadata":{"emulator":{"name":"hub"},"message":"Starting emulators: functions"}}
[debug] [2021-09-27T07:07:43.310Z] [hub] writing locator at /var/folders/mm/3qp3082d37g5yh1sy87qqt180000gn/T/hub-test4-a29fa.json
[warn] ⚠  functions: The following emulators are not running, calls to these services from the Functions emulator will affect production: auth, firestore, database, hosting, pubsub, storage {"metadata":{"emulator":{"name":"functions"},"message":"The following emulators are not running, calls to these services from the Functions emulator will affect production: \u001b[1mauth, firestore, database, hosting, pubsub, storage\u001b[22m"}}
[warn] ⚠  Your requested "node" version "10" doesn't match your global version "12" {"metadata":{"emulator":{"name":"functions"},"message":"Your requested \"node\" version \"10\" doesn't match your global version \"12\""}}
[debug] [2021-09-27T07:07:43.346Z] defaultcredentials: writing to file /Users/kosu/.config/firebase/kosumon27_gmail_com_application_default_credentials.json
[debug] [2021-09-27T07:07:43.350Z] Setting GAC to /Users/kosu/.config/firebase/kosumon27_gmail_com_application_default_credentials.json {"metadata":{"emulator":{"name":"functions"},"message":"Setting GAC to /Users/kosu/.config/firebase/kosumon27_gmail_com_application_default_credentials.json"}}
[debug] [2021-09-27T07:07:43.355Z] >>> [apiv2][query] GET https://firebase.googleapis.com/v1beta1/projects/test4-a29fa/adminSdkConfig [none]
[debug] [2021-09-27T07:07:43.785Z] <<< [apiv2][status] GET https://firebase.googleapis.com/v1beta1/projects/test4-a29fa/adminSdkConfig 200
[debug] [2021-09-27T07:07:43.785Z] <<< [apiv2][body] GET https://firebase.googleapis.com/v1beta1/projects/test4-a29fa/adminSdkConfig {"projectId":"test4-a29fa","storageBucket":"test4-a29fa.appspot.com","locationId":"asia-northeast1"}
[debug] [2021-09-27T07:07:43.818Z] Ignoring unsupported arg: auto_download {"metadata":{"emulator":{"name":"ui"},"message":"Ignoring unsupported arg: auto_download"}}
[debug] [2021-09-27T07:07:43.818Z] Ignoring unsupported arg: port {"metadata":{"emulator":{"name":"ui"},"message":"Ignoring unsupported arg: port"}}
[debug] [2021-09-27T07:07:43.818Z] Starting Emulator UI with command {"binary":"node","args":["/Users/kosu/.cache/firebase/emulators/ui-v1.6.3/server.bundle.js"],"optionalArgs":[],"joinArgs":false} {"metadata":{"emulator":{"name":"ui"},"message":"Starting Emulator UI with command {\"binary\":\"node\",\"args\":[\"/Users/kosu/.cache/firebase/emulators/ui-v1.6.3/server.bundle.js\"],\"optionalArgs\":[],\"joinArgs\":false}"}}
[info] i  ui: Emulator UI logging to ui-debug.log {"metadata":{"emulator":{"name":"ui"},"message":"Emulator UI logging to \u001b[1mui-debug.log\u001b[22m"}}
[debug] [2021-09-27T07:07:44.002Z] Web / API server started at localhost:4000
 {"metadata":{"emulator":{"name":"ui"},"message":"Web / API server started at localhost:4000\n"}}
[info] i  functions: Watching "/Users/kosu/Desktop/my-fire/functions" for Cloud Functions... {"metadata":{"emulator":{"name":"functions"},"message":"Watching \"/Users/kosu/Desktop/my-fire/functions\" for Cloud Functions..."}}
[debug] [2021-09-27T07:07:44.113Z] [worker-pool] addWorker(~diagnostic~) {"metadata":{"emulator":{"name":"functions"},"message":"[worker-pool] addWorker(~diagnostic~)"}}
[debug] [2021-09-27T07:07:44.114Z] [worker-pool] Adding worker with key ~diagnostic~, total=1 {"metadata":{"emulator":{"name":"functions"},"message":"[worker-pool] Adding worker with key ~diagnostic~, total=1"}}
[debug] [2021-09-27T07:07:44.114Z] [worker-pool] submitWork(triggerId=) {"metadata":{"emulator":{"name":"functions"},"message":"[worker-pool] submitWork(triggerId=)"}}
[debug] [2021-09-27T07:07:44.115Z] [worker-~diagnostic~-829dba1f-f259-424f-8761-4bce7237bd5b]: Assigning socketPath: /var/folders/mm/3qp3082d37g5yh1sy87qqt180000gn/T/fire_emu_80551.sock {"metadata":{"emulator":{"name":"functions"},"message":"[worker-~diagnostic~-829dba1f-f259-424f-8761-4bce7237bd5b]: Assigning socketPath: /var/folders/mm/3qp3082d37g5yh1sy87qqt180000gn/T/fire_emu_80551.sock"}}
[debug] [2021-09-27T07:07:44.115Z] [worker-~diagnostic~-829dba1f-f259-424f-8761-4bce7237bd5b]: BUSY {"metadata":{"emulator":{"name":"functions"},"message":"[worker-~diagnostic~-829dba1f-f259-424f-8761-4bce7237bd5b]: BUSY"}}
[debug] [2021-09-27T07:07:44.449Z] [runtime-status] [80551] Functions runtime initialized. {"cwd":"/Users/kosu/Desktop/my-fire/functions","node_version":"12.18.1"} {"metadata":{"emulator":{"name":"functions"},"message":"[runtime-status] [80551] Functions runtime initialized. {\"cwd\":\"/Users/kosu/Desktop/my-fire/functions\",\"node_version\":\"12.18.1\"}"}}
[debug] [2021-09-27T07:07:44.450Z] [runtime-status] [80551] Disabled runtime features: undefined {"metadata":{"emulator":{"name":"functions"},"message":"[runtime-status] [80551] Disabled runtime features: undefined"}}
[debug] [2021-09-27T07:07:44.451Z] [runtime-status] [80551] Resolved module firebase-admin {"declared":true,"installed":true,"version":"9.11.1","resolution":"/Users/kosu/Desktop/my-fire/functions/node_modules/firebase-admin/lib/index.js"} {"metadata":{"emulator":{"name":"functions"},"message":"[runtime-status] [80551] Resolved module firebase-admin {\"declared\":true,\"installed\":true,\"version\":\"9.11.1\",\"resolution\":\"/Users/kosu/Desktop/my-fire/functions/node_modules/firebase-admin/lib/index.js\"}"}}
[debug] [2021-09-27T07:07:44.453Z] [runtime-status] [80551] Resolved module firebase-functions {"declared":true,"installed":true,"version":"3.15.7","resolution":"/Users/kosu/Desktop/my-fire/functions/node_modules/firebase-functions/lib/index.js"} {"metadata":{"emulator":{"name":"functions"},"message":"[runtime-status] [80551] Resolved module firebase-functions {\"declared\":true,\"installed\":true,\"version\":\"3.15.7\",\"resolution\":\"/Users/kosu/Desktop/my-fire/functions/node_modules/firebase-functions/lib/index.js\"}"}}
[debug] [2021-09-27T07:07:44.454Z] [runtime-status] [80551] Resolved module firebase-functions {"declared":true,"installed":true,"version":"3.15.7","resolution":"/Users/kosu/Desktop/my-fire/functions/node_modules/firebase-functions/lib/index.js"} {"metadata":{"emulator":{"name":"functions"},"message":"[runtime-status] [80551] Resolved module firebase-functions {\"declared\":true,\"installed\":true,\"version\":\"3.15.7\",\"resolution\":\"/Users/kosu/Desktop/my-fire/functions/node_modules/firebase-functions/lib/index.js\"}"}}
[debug] [2021-09-27T07:07:44.455Z] [runtime-status] [80551] Outgoing network have been stubbed. [{"name":"http","status":"mocked"},{"name":"http","status":"mocked"},{"name":"https","status":"mocked"},{"name":"https","status":"mocked"},{"name":"net","status":"mocked"}] {"metadata":{"emulator":{"name":"functions"},"message":"[runtime-status] [80551] Outgoing network have been stubbed. [{\"name\":\"http\",\"status\":\"mocked\"},{\"name\":\"http\",\"status\":\"mocked\"},{\"name\":\"https\",\"status\":\"mocked\"},{\"name\":\"https\",\"status\":\"mocked\"},{\"name\":\"net\",\"status\":\"mocked\"}]"}}
[debug] [2021-09-27T07:07:44.456Z] [runtime-status] [80551] Resolved module firebase-functions {"declared":true,"installed":true,"version":"3.15.7","resolution":"/Users/kosu/Desktop/my-fire/functions/node_modules/firebase-functions/lib/index.js"} {"metadata":{"emulator":{"name":"functions"},"message":"[runtime-status] [80551] Resolved module firebase-functions {\"declared\":true,\"installed\":true,\"version\":\"3.15.7\",\"resolution\":\"/Users/kosu/Desktop/my-fire/functions/node_modules/firebase-functions/lib/index.js\"}"}}
[debug] [2021-09-27T07:07:44.492Z] [runtime-status] [80551] Checked functions.config() {"config":{}} {"metadata":{"emulator":{"name":"functions"},"message":"[runtime-status] [80551] Checked functions.config() {\"config\":{}}"}}
[debug] [2021-09-27T07:07:44.492Z] [runtime-status] [80551] firebase-functions has been stubbed. {"functionsResolution":{"declared":true,"installed":true,"version":"3.15.7","resolution":"/Users/kosu/Desktop/my-fire/functions/node_modules/firebase-functions/lib/index.js"}} {"metadata":{"emulator":{"name":"functions"},"message":"[runtime-status] [80551] firebase-functions has been stubbed. {\"functionsResolution\":{\"declared\":true,\"installed\":true,\"version\":\"3.15.7\",\"resolution\":\"/Users/kosu/Desktop/my-fire/functions/node_modules/firebase-functions/lib/index.js\"}}"}}
[debug] [2021-09-27T07:07:44.492Z] [runtime-status] [80551] Resolved module firebase-functions {"declared":true,"installed":true,"version":"3.15.7","resolution":"/Users/kosu/Desktop/my-fire/functions/node_modules/firebase-functions/lib/index.js"} {"metadata":{"emulator":{"name":"functions"},"message":"[runtime-status] [80551] Resolved module firebase-functions {\"declared\":true,\"installed\":true,\"version\":\"3.15.7\",\"resolution\":\"/Users/kosu/Desktop/my-fire/functions/node_modules/firebase-functions/lib/index.js\"}"}}
[debug] [2021-09-27T07:07:44.493Z] [runtime-status] [80551] Resolved module firebase-admin {"declared":true,"installed":true,"version":"9.11.1","resolution":"/Users/kosu/Desktop/my-fire/functions/node_modules/firebase-admin/lib/index.js"} {"metadata":{"emulator":{"name":"functions"},"message":"[runtime-status] [80551] Resolved module firebase-admin {\"declared\":true,\"installed\":true,\"version\":\"9.11.1\",\"resolution\":\"/Users/kosu/Desktop/my-fire/functions/node_modules/firebase-admin/lib/index.js\"}"}}
[debug] [2021-09-27T07:07:44.493Z] [runtime-status] [80551] Resolved module firebase-functions {"declared":true,"installed":true,"version":"3.15.7","resolution":"/Users/kosu/Desktop/my-fire/functions/node_modules/firebase-functions/lib/index.js"} {"metadata":{"emulator":{"name":"functions"},"message":"[runtime-status] [80551] Resolved module firebase-functions {\"declared\":true,\"installed\":true,\"version\":\"3.15.7\",\"resolution\":\"/Users/kosu/Desktop/my-fire/functions/node_modules/firebase-functions/lib/index.js\"}"}}
[debug] [2021-09-27T07:07:44.493Z] [runtime-status] [80551] firebase-admin has been stubbed. {"adminResolution":{"declared":true,"installed":true,"version":"9.11.1","resolution":"/Users/kosu/Desktop/my-fire/functions/node_modules/firebase-admin/lib/index.js"}} {"metadata":{"emulator":{"name":"functions"},"message":"[runtime-status] [80551] firebase-admin has been stubbed. {\"adminResolution\":{\"declared\":true,\"installed\":true,\"version\":\"9.11.1\",\"resolution\":\"/Users/kosu/Desktop/my-fire/functions/node_modules/firebase-admin/lib/index.js\"}}"}}
[warn] ⚠  TypeError: functions.redion is not a function
    at Object.<anonymous> (/Users/kosu/Desktop/my-fire/functions/index.js:16:25)
    at Module._compile (internal/modules/cjs/loader.js:1136:30)
    at Module._compile (pkg/prelude/bootstrap.js:1394:32)
    at Object.Module._extensions..js (internal/modules/cjs/loader.js:1156:10)
    at Module.load (internal/modules/cjs/loader.js:984:32)
    at Function.Module._load (internal/modules/cjs/loader.js:877:14)
    at Module.require (internal/modules/cjs/loader.js:1024:19)
    at Module.require (pkg/prelude/bootstrap.js:1338:31)
    at require (internal/modules/cjs/helpers.js:72:18)
    at initializeRuntime (/Users/kosu/.cache/firebase/tools/lib/node_modules/firebase-tools/lib/emulator/functionsEmulatorRuntime.js:715:29) {"metadata":{"emulator":{"name":"functions"},"message":"TypeError: functions.redion is not a function\n    at Object.<anonymous> (/Users/kosu/Desktop/my-fire/functions/index.js:16:25)\n    at Module._compile (internal/modules/cjs/loader.js:1136:30)\n    at Module._compile (pkg/prelude/bootstrap.js:1394:32)\n    at Object.Module._extensions..js (internal/modules/cjs/loader.js:1156:10)\n    at Module.load (internal/modules/cjs/loader.js:984:32)\n    at Function.Module._load (internal/modules/cjs/loader.js:877:14)\n    at Module.require (internal/modules/cjs/loader.js:1024:19)\n    at Module.require (pkg/prelude/bootstrap.js:1338:31)\n    at require (internal/modules/cjs/helpers.js:72:18)\n    at initializeRuntime (/Users/kosu/.cache/firebase/tools/lib/node_modules/firebase-tools/lib/emulator/functionsEmulatorRuntime.js:715:29)"}}
[warn] ⚠  We were unable to load your functions code. (see above) {"metadata":{"emulator":{"name":"functions"}}}
[debug] [2021-09-27T07:07:44.579Z] [worker-~diagnostic~-829dba1f-f259-424f-8761-4bce7237bd5b]: exited {"metadata":{"emulator":{"name":"functions"},"message":"[worker-~diagnostic~-829dba1f-f259-424f-8761-4bce7237bd5b]: exited"}}
[debug] [2021-09-27T07:07:44.579Z] [worker-~diagnostic~-829dba1f-f259-424f-8761-4bce7237bd5b]: FINISHED {"metadata":{"emulator":{"name":"functions"},"message":"[worker-~diagnostic~-829dba1f-f259-424f-8761-4bce7237bd5b]: FINISHED"}}
[debug] [2021-09-27T07:07:56.812Z] File /Users/kosu/Desktop/my-fire/functions/index.js changed, reloading triggers {"metadata":{"emulator":{"name":"functions"},"message":"File /Users/kosu/Desktop/my-fire/functions/index.js changed, reloading triggers"}}
[debug] [2021-09-27T07:07:57.817Z] [worker-pool] Cleaned up workers for ~diagnostic~: 1 --> 0 {"metadata":{"emulator":{"name":"functions"},"message":"[worker-pool] Cleaned up workers for ~diagnostic~: 1 --> 0"}}
[debug] [2021-09-27T07:07:57.833Z] [worker-pool] addWorker(~diagnostic~) {"metadata":{"emulator":{"name":"functions"},"message":"[worker-pool] addWorker(~diagnostic~)"}}
[debug] [2021-09-27T07:07:57.833Z] [worker-pool] Adding worker with key ~diagnostic~, total=1 {"metadata":{"emulator":{"name":"functions"},"message":"[worker-pool] Adding worker with key ~diagnostic~, total=1"}}
[debug] [2021-09-27T07:07:57.833Z] [worker-pool] submitWork(triggerId=) {"metadata":{"emulator":{"name":"functions"},"message":"[worker-pool] submitWork(triggerId=)"}}
[debug] [2021-09-27T07:07:57.834Z] [worker-~diagnostic~-1671b623-1c05-48b5-91bf-cac8a8239ad9]: Assigning socketPath: /var/folders/mm/3qp3082d37g5yh1sy87qqt180000gn/T/fire_emu_80561.sock {"metadata":{"emulator":{"name":"functions"},"message":"[worker-~diagnostic~-1671b623-1c05-48b5-91bf-cac8a8239ad9]: Assigning socketPath: /var/folders/mm/3qp3082d37g5yh1sy87qqt180000gn/T/fire_emu_80561.sock"}}
[debug] [2021-09-27T07:07:57.834Z] [worker-~diagnostic~-1671b623-1c05-48b5-91bf-cac8a8239ad9]: BUSY {"metadata":{"emulator":{"name":"functions"},"message":"[worker-~diagnostic~-1671b623-1c05-48b5-91bf-cac8a8239ad9]: BUSY"}}
[debug] [2021-09-27T07:07:58.232Z] [runtime-status] [80561] Functions runtime initialized. {"cwd":"/Users/kosu/Desktop/my-fire/functions","node_version":"12.18.1"} {"metadata":{"emulator":{"name":"functions"},"message":"[runtime-status] [80561] Functions runtime initialized. {\"cwd\":\"/Users/kosu/Desktop/my-fire/functions\",\"node_version\":\"12.18.1\"}"}}
[debug] [2021-09-27T07:07:58.233Z] [runtime-status] [80561] Disabled runtime features: undefined {"metadata":{"emulator":{"name":"functions"},"message":"[runtime-status] [80561] Disabled runtime features: undefined"}}
[debug] [2021-09-27T07:07:58.234Z] [runtime-status] [80561] Resolved module firebase-admin {"declared":true,"installed":true,"version":"9.11.1","resolution":"/Users/kosu/Desktop/my-fire/functions/node_modules/firebase-admin/lib/index.js"} {"metadata":{"emulator":{"name":"functions"},"message":"[runtime-status] [80561] Resolved module firebase-admin {\"declared\":true,\"installed\":true,\"version\":\"9.11.1\",\"resolution\":\"/Users/kosu/Desktop/my-fire/functions/node_modules/firebase-admin/lib/index.js\"}"}}
[debug] [2021-09-27T07:07:58.235Z] [runtime-status] [80561] Resolved module firebase-functions {"declared":true,"installed":true,"version":"3.15.7","resolution":"/Users/kosu/Desktop/my-fire/functions/node_modules/firebase-functions/lib/index.js"} {"metadata":{"emulator":{"name":"functions"},"message":"[runtime-status] [80561] Resolved module firebase-functions {\"declared\":true,\"installed\":true,\"version\":\"3.15.7\",\"resolution\":\"/Users/kosu/Desktop/my-fire/functions/node_modules/firebase-functions/lib/index.js\"}"}}
[debug] [2021-09-27T07:07:58.236Z] [runtime-status] [80561] Resolved module firebase-functions {"declared":true,"installed":true,"version":"3.15.7","resolution":"/Users/kosu/Desktop/my-fire/functions/node_modules/firebase-functions/lib/index.js"} {"metadata":{"emulator":{"name":"functions"},"message":"[runtime-status] [80561] Resolved module firebase-functions {\"declared\":true,\"installed\":true,\"version\":\"3.15.7\",\"resolution\":\"/Users/kosu/Desktop/my-fire/functions/node_modules/firebase-functions/lib/index.js\"}"}}
[debug] [2021-09-27T07:07:58.237Z] [runtime-status] [80561] Outgoing network have been stubbed. [{"name":"http","status":"mocked"},{"name":"http","status":"mocked"},{"name":"https","status":"mocked"},{"name":"https","status":"mocked"},{"name":"net","status":"mocked"}] {"metadata":{"emulator":{"name":"functions"},"message":"[runtime-status] [80561] Outgoing network have been stubbed. [{\"name\":\"http\",\"status\":\"mocked\"},{\"name\":\"http\",\"status\":\"mocked\"},{\"name\":\"https\",\"status\":\"mocked\"},{\"name\":\"https\",\"status\":\"mocked\"},{\"name\":\"net\",\"status\":\"mocked\"}]"}}
[debug] [2021-09-27T07:07:58.237Z] [runtime-status] [80561] Resolved module firebase-functions {"declared":true,"installed":true,"version":"3.15.7","resolution":"/Users/kosu/Desktop/my-fire/functions/node_modules/firebase-functions/lib/index.js"} {"metadata":{"emulator":{"name":"functions"},"message":"[runtime-status] [80561] Resolved module firebase-functions {\"declared\":true,\"installed\":true,\"version\":\"3.15.7\",\"resolution\":\"/Users/kosu/Desktop/my-fire/functions/node_modules/firebase-functions/lib/index.js\"}"}}
[debug] [2021-09-27T07:07:58.268Z] [runtime-status] [80561] Checked functions.config() {"config":{}} {"metadata":{"emulator":{"name":"functions"},"message":"[runtime-status] [80561] Checked functions.config() {\"config\":{}}"}}
[debug] [2021-09-27T07:07:58.268Z] [runtime-status] [80561] firebase-functions has been stubbed. {"functionsResolution":{"declared":true,"installed":true,"version":"3.15.7","resolution":"/Users/kosu/Desktop/my-fire/functions/node_modules/firebase-functions/lib/index.js"}} {"metadata":{"emulator":{"name":"functions"},"message":"[runtime-status] [80561] firebase-functions has been stubbed. {\"functionsResolution\":{\"declared\":true,\"installed\":true,\"version\":\"3.15.7\",\"resolution\":\"/Users/kosu/Desktop/my-fire/functions/node_modules/firebase-functions/lib/index.js\"}}"}}
[debug] [2021-09-27T07:07:58.268Z] [runtime-status] [80561] Resolved module firebase-functions {"declared":true,"installed":true,"version":"3.15.7","resolution":"/Users/kosu/Desktop/my-fire/functions/node_modules/firebase-functions/lib/index.js"} {"metadata":{"emulator":{"name":"functions"},"message":"[runtime-status] [80561] Resolved module firebase-functions {\"declared\":true,\"installed\":true,\"version\":\"3.15.7\",\"resolution\":\"/Users/kosu/Desktop/my-fire/functions/node_modules/firebase-functions/lib/index.js\"}"}}
[debug] [2021-09-27T07:07:58.269Z] [runtime-status] [80561] Resolved module firebase-admin {"declared":true,"installed":true,"version":"9.11.1","resolution":"/Users/kosu/Desktop/my-fire/functions/node_modules/firebase-admin/lib/index.js"} {"metadata":{"emulator":{"name":"functions"},"message":"[runtime-status] [80561] Resolved module firebase-admin {\"declared\":true,\"installed\":true,\"version\":\"9.11.1\",\"resolution\":\"/Users/kosu/Desktop/my-fire/functions/node_modules/firebase-admin/lib/index.js\"}"}}
[debug] [2021-09-27T07:07:58.269Z] [runtime-status] [80561] Resolved module firebase-functions {"declared":true,"installed":true,"version":"3.15.7","resolution":"/Users/kosu/Desktop/my-fire/functions/node_modules/firebase-functions/lib/index.js"} {"metadata":{"emulator":{"name":"functions"},"message":"[runtime-status] [80561] Resolved module firebase-functions {\"declared\":true,\"installed\":true,\"version\":\"3.15.7\",\"resolution\":\"/Users/kosu/Desktop/my-fire/functions/node_modules/firebase-functions/lib/index.js\"}"}}
[debug] [2021-09-27T07:07:58.269Z] [runtime-status] [80561] firebase-admin has been stubbed. {"adminResolution":{"declared":true,"installed":true,"version":"9.11.1","resolution":"/Users/kosu/Desktop/my-fire/functions/node_modules/firebase-admin/lib/index.js"}} {"metadata":{"emulator":{"name":"functions"},"message":"[runtime-status] [80561] firebase-admin has been stubbed. {\"adminResolution\":{\"declared\":true,\"installed\":true,\"version\":\"9.11.1\",\"resolution\":\"/Users/kosu/Desktop/my-fire/functions/node_modules/firebase-admin/lib/index.js\"}}"}}
[info] ✔  functions[us-central1-helloWorld]: http function initialized (http://localhost:5001/test4-a29fa/us-central1/helloWorld). {"metadata":{"emulator":{"name":"functions"},"message":"\u001b[1mhttp\u001b[22m function initialized (http://localhost:5001/test4-a29fa/us-central1/helloWorld)."}}
[info] ✔  functions[asia-northeast1-api]: http function initialized (http://localhost:5001/test4-a29fa/asia-northeast1/api). {"metadata":{"emulator":{"name":"functions"},"message":"\u001b[1mhttp\u001b[22m function initialized (http://localhost:5001/test4-a29fa/asia-northeast1/api)."}}
[debug] [2021-09-27T07:07:58.334Z] [worker-~diagnostic~-1671b623-1c05-48b5-91bf-cac8a8239ad9]: IDLE {"metadata":{"emulator":{"name":"functions"},"message":"[worker-~diagnostic~-1671b623-1c05-48b5-91bf-cac8a8239ad9]: IDLE"}}
[debug] [2021-09-27T07:08:07.790Z] [work-queue] {"queueLength":1,"workRunningCount":0}
[debug] [2021-09-27T07:08:07.791Z] [work-queue] {"queueLength":0,"workRunningCount":1}
[debug] [2021-09-27T07:08:07.792Z] Accepted request GET /test4-a29fa/asia-northeast1/api --> asia-northeast1-api
[debug] [2021-09-27T07:08:07.835Z] [worker-pool] addWorker(asia-northeast1-api) {"metadata":{"emulator":{"name":"functions"},"message":"[worker-pool] addWorker(asia-northeast1-api)"}}
[debug] [2021-09-27T07:08:07.837Z] [worker-pool] Adding worker with key asia-northeast1-api, total=1 {"metadata":{"emulator":{"name":"functions"},"message":"[worker-pool] Adding worker with key asia-northeast1-api, total=1"}}
[debug] [2021-09-27T07:08:07.837Z] [worker-pool] submitWork(triggerId=asia-northeast1-api) {"metadata":{"emulator":{"name":"functions"},"message":"[worker-pool] submitWork(triggerId=asia-northeast1-api)"}}
[debug] [2021-09-27T07:08:07.837Z] [worker-asia-northeast1-api-13a182df-f785-497f-855a-dfe2c56f9e81]: Assigning socketPath: /var/folders/mm/3qp3082d37g5yh1sy87qqt180000gn/T/fire_emu_80574.sock {"metadata":{"emulator":{"name":"functions"},"message":"[worker-asia-northeast1-api-13a182df-f785-497f-855a-dfe2c56f9e81]: Assigning socketPath: /var/folders/mm/3qp3082d37g5yh1sy87qqt180000gn/T/fire_emu_80574.sock"}}
[debug] [2021-09-27T07:08:07.837Z] [worker-asia-northeast1-api-13a182df-f785-497f-855a-dfe2c56f9e81]: BUSY {"metadata":{"emulator":{"name":"functions"},"message":"[worker-asia-northeast1-api-13a182df-f785-497f-855a-dfe2c56f9e81]: BUSY"}}
[debug] [2021-09-27T07:08:08.285Z] [runtime-status] [80574] Functions runtime initialized. {"cwd":"/Users/kosu/Desktop/my-fire/functions","node_version":"12.18.1"} {"metadata":{"emulator":{"name":"functions"},"function":{"name":"asia-northeast1-api"},"message":"[runtime-status] [80574] Functions runtime initialized. {\"cwd\":\"/Users/kosu/Desktop/my-fire/functions\",\"node_version\":\"12.18.1\"}"}}
[debug] [2021-09-27T07:08:08.286Z] [runtime-status] [80574] Disabled runtime features: undefined {"metadata":{"emulator":{"name":"functions"},"function":{"name":"asia-northeast1-api"},"message":"[runtime-status] [80574] Disabled runtime features: undefined"}}
[debug] [2021-09-27T07:08:08.288Z] [runtime-status] [80574] Resolved module firebase-admin {"declared":true,"installed":true,"version":"9.11.1","resolution":"/Users/kosu/Desktop/my-fire/functions/node_modules/firebase-admin/lib/index.js"} {"metadata":{"emulator":{"name":"functions"},"function":{"name":"asia-northeast1-api"},"message":"[runtime-status] [80574] Resolved module firebase-admin {\"declared\":true,\"installed\":true,\"version\":\"9.11.1\",\"resolution\":\"/Users/kosu/Desktop/my-fire/functions/node_modules/firebase-admin/lib/index.js\"}"}}
[debug] [2021-09-27T07:08:08.289Z] [runtime-status] [80574] Resolved module firebase-functions {"declared":true,"installed":true,"version":"3.15.7","resolution":"/Users/kosu/Desktop/my-fire/functions/node_modules/firebase-functions/lib/index.js"} {"metadata":{"emulator":{"name":"functions"},"function":{"name":"asia-northeast1-api"},"message":"[runtime-status] [80574] Resolved module firebase-functions {\"declared\":true,\"installed\":true,\"version\":\"3.15.7\",\"resolution\":\"/Users/kosu/Desktop/my-fire/functions/node_modules/firebase-functions/lib/index.js\"}"}}
[debug] [2021-09-27T07:08:08.290Z] [runtime-status] [80574] Resolved module firebase-functions {"declared":true,"installed":true,"version":"3.15.7","resolution":"/Users/kosu/Desktop/my-fire/functions/node_modules/firebase-functions/lib/index.js"} {"metadata":{"emulator":{"name":"functions"},"function":{"name":"asia-northeast1-api"},"message":"[runtime-status] [80574] Resolved module firebase-functions {\"declared\":true,\"installed\":true,\"version\":\"3.15.7\",\"resolution\":\"/Users/kosu/Desktop/my-fire/functions/node_modules/firebase-functions/lib/index.js\"}"}}
[debug] [2021-09-27T07:08:08.291Z] [runtime-status] [80574] Outgoing network have been stubbed. [{"name":"http","status":"mocked"},{"name":"http","status":"mocked"},{"name":"https","status":"mocked"},{"name":"https","status":"mocked"},{"name":"net","status":"mocked"}] {"metadata":{"emulator":{"name":"functions"},"function":{"name":"asia-northeast1-api"},"message":"[runtime-status] [80574] Outgoing network have been stubbed. [{\"name\":\"http\",\"status\":\"mocked\"},{\"name\":\"http\",\"status\":\"mocked\"},{\"name\":\"https\",\"status\":\"mocked\"},{\"name\":\"https\",\"status\":\"mocked\"},{\"name\":\"net\",\"status\":\"mocked\"}]"}}
[debug] [2021-09-27T07:08:08.291Z] [runtime-status] [80574] Resolved module firebase-functions {"declared":true,"installed":true,"version":"3.15.7","resolution":"/Users/kosu/Desktop/my-fire/functions/node_modules/firebase-functions/lib/index.js"} {"metadata":{"emulator":{"name":"functions"},"function":{"name":"asia-northeast1-api"},"message":"[runtime-status] [80574] Resolved module firebase-functions {\"declared\":true,\"installed\":true,\"version\":\"3.15.7\",\"resolution\":\"/Users/kosu/Desktop/my-fire/functions/node_modules/firebase-functions/lib/index.js\"}"}}
[debug] [2021-09-27T07:08:08.326Z] [runtime-status] [80574] Checked functions.config() {"config":{}} {"metadata":{"emulator":{"name":"functions"},"function":{"name":"asia-northeast1-api"},"message":"[runtime-status] [80574] Checked functions.config() {\"config\":{}}"}}
[debug] [2021-09-27T07:08:08.326Z] [runtime-status] [80574] firebase-functions has been stubbed. {"functionsResolution":{"declared":true,"installed":true,"version":"3.15.7","resolution":"/Users/kosu/Desktop/my-fire/functions/node_modules/firebase-functions/lib/index.js"}} {"metadata":{"emulator":{"name":"functions"},"function":{"name":"asia-northeast1-api"},"message":"[runtime-status] [80574] firebase-functions has been stubbed. {\"functionsResolution\":{\"declared\":true,\"installed\":true,\"version\":\"3.15.7\",\"resolution\":\"/Users/kosu/Desktop/my-fire/functions/node_modules/firebase-functions/lib/index.js\"}}"}}
[debug] [2021-09-27T07:08:08.326Z] [runtime-status] [80574] Resolved module firebase-functions {"declared":true,"installed":true,"version":"3.15.7","resolution":"/Users/kosu/Desktop/my-fire/functions/node_modules/firebase-functions/lib/index.js"} {"metadata":{"emulator":{"name":"functions"},"function":{"name":"asia-northeast1-api"},"message":"[runtime-status] [80574] Resolved module firebase-functions {\"declared\":true,\"installed\":true,\"version\":\"3.15.7\",\"resolution\":\"/Users/kosu/Desktop/my-fire/functions/node_modules/firebase-functions/lib/index.js\"}"}}
[debug] [2021-09-27T07:08:08.327Z] [runtime-status] [80574] Resolved module firebase-admin {"declared":true,"installed":true,"version":"9.11.1","resolution":"/Users/kosu/Desktop/my-fire/functions/node_modules/firebase-admin/lib/index.js"} {"metadata":{"emulator":{"name":"functions"},"function":{"name":"asia-northeast1-api"},"message":"[runtime-status] [80574] Resolved module firebase-admin {\"declared\":true,\"installed\":true,\"version\":\"9.11.1\",\"resolution\":\"/Users/kosu/Desktop/my-fire/functions/node_modules/firebase-admin/lib/index.js\"}"}}
[debug] [2021-09-27T07:08:08.327Z] [runtime-status] [80574] Resolved module firebase-functions {"declared":true,"installed":true,"version":"3.15.7","resolution":"/Users/kosu/Desktop/my-fire/functions/node_modules/firebase-functions/lib/index.js"} {"metadata":{"emulator":{"name":"functions"},"function":{"name":"asia-northeast1-api"},"message":"[runtime-status] [80574] Resolved module firebase-functions {\"declared\":true,\"installed\":true,\"version\":\"3.15.7\",\"resolution\":\"/Users/kosu/Desktop/my-fire/functions/node_modules/firebase-functions/lib/index.js\"}"}}
[debug] [2021-09-27T07:08:08.327Z] [runtime-status] [80574] firebase-admin has been stubbed. {"adminResolution":{"declared":true,"installed":true,"version":"9.11.1","resolution":"/Users/kosu/Desktop/my-fire/functions/node_modules/firebase-admin/lib/index.js"}} {"metadata":{"emulator":{"name":"functions"},"function":{"name":"asia-northeast1-api"},"message":"[runtime-status] [80574] firebase-admin has been stubbed. {\"adminResolution\":{\"declared\":true,\"installed\":true,\"version\":\"9.11.1\",\"resolution\":\"/Users/kosu/Desktop/my-fire/functions/node_modules/firebase-admin/lib/index.js\"}}"}}
[debug] [2021-09-27T07:08:08.391Z] [runtime-status] [80574] Trigger "asia-northeast1-api" has been found, beginning invocation! {"metadata":{"emulator":{"name":"functions"},"function":{"name":"asia-northeast1-api"},"message":"[runtime-status] [80574] Trigger \"asia-northeast1-api\" has been found, beginning invocation!"}}
[info] i  functions: Beginning execution of "asia-northeast1-api" {"metadata":{"emulator":{"name":"functions"},"function":{"name":"asia-northeast1-api"},"message":"Beginning execution of \"asia-northeast1-api\""}}
[debug] [2021-09-27T07:08:08.391Z] [runtime-status] [80574] triggerDefinition {"regions":["asia-northeast1"],"httpsTrigger":{},"name":"api","entryPoint":"api","region":"asia-northeast1","id":"asia-northeast1-api"} {"metadata":{"emulator":{"name":"functions"},"function":{"name":"asia-northeast1-api"},"message":"[runtime-status] [80574] triggerDefinition {\"regions\":[\"asia-northeast1\"],\"httpsTrigger\":{},\"name\":\"api\",\"entryPoint\":\"api\",\"region\":\"asia-northeast1\",\"id\":\"asia-northeast1-api\"}"}}
[debug] [2021-09-27T07:08:08.392Z] [runtime-status] [80574] Running asia-northeast1-api in mode HTTPS {"metadata":{"emulator":{"name":"functions"},"function":{"name":"asia-northeast1-api"},"message":"[runtime-status] [80574] Running asia-northeast1-api in mode HTTPS"}}
[debug] [2021-09-27T07:08:08.394Z] [runtime-status] [80574] Attempting to listen to socketPath: /var/folders/mm/3qp3082d37g5yh1sy87qqt180000gn/T/fire_emu_80574.sock {"metadata":{"emulator":{"name":"functions"},"function":{"name":"asia-northeast1-api"},"message":"[runtime-status] [80574] Attempting to listen to socketPath: /var/folders/mm/3qp3082d37g5yh1sy87qqt180000gn/T/fire_emu_80574.sock"}}
[debug] [2021-09-27T07:08:08.398Z] [functions] Runtime ready! Sending request! {"metadata":{"emulator":{"name":"functions"},"message":"[functions] Runtime ready! Sending request!"}}
[debug] [2021-09-27T07:08:08.404Z] [functions] Got req.url=/test4-a29fa/asia-northeast1/api, mapping to path=/ {"metadata":{"emulator":{"name":"functions"},"message":"[functions] Got req.url=/test4-a29fa/asia-northeast1/api, mapping to path=/"}}
[debug] [2021-09-27T07:08:08.412Z] [runtime-status] [80574] Ephemeral server handling GET request {"metadata":{"emulator":{"name":"functions"},"function":{"name":"asia-northeast1-api"},"message":"[runtime-status] [80574] Ephemeral server handling GET request"}}
[debug] [2021-09-27T07:08:08.415Z] [runtime-status] [80574] Ephemeral server survived. {"metadata":{"emulator":{"name":"functions"},"function":{"name":"asia-northeast1-api"},"message":"[runtime-status] [80574] Ephemeral server survived."}}
[info] i  functions: Finished "asia-northeast1-api" in ~1s {"metadata":{"emulator":{"name":"functions"},"function":{"name":"asia-northeast1-api"},"message":"Finished \"asia-northeast1-api\" in ~1s"}}
[debug] [2021-09-27T07:08:08.420Z] [worker-asia-northeast1-api-13a182df-f785-497f-855a-dfe2c56f9e81]: IDLE {"metadata":{"emulator":{"name":"functions"},"message":"[worker-asia-northeast1-api-13a182df-f785-497f-855a-dfe2c56f9e81]: IDLE"}}
[debug] [2021-09-27T07:08:08.420Z] [work-queue] {"queueLength":0,"workRunningCount":0}
[debug] [2021-09-27T07:08:14.311Z] [work-queue] {"queueLength":1,"workRunningCount":0}
[debug] [2021-09-27T07:08:14.311Z] [work-queue] {"queueLength":0,"workRunningCount":1}
[debug] [2021-09-27T07:08:14.311Z] Accepted request GET /test4-a29fa/asia-northeast1/api/messages --> asia-northeast1-api
[debug] [2021-09-27T07:08:14.312Z] [worker-pool] submitWork(triggerId=asia-northeast1-api) {"metadata":{"emulator":{"name":"functions"},"message":"[worker-pool] submitWork(triggerId=asia-northeast1-api)"}}
[debug] [2021-09-27T07:08:14.312Z] [worker-asia-northeast1-api-13a182df-f785-497f-855a-dfe2c56f9e81]: Assigning socketPath: /var/folders/mm/3qp3082d37g5yh1sy87qqt180000gn/T/fire_emu_80574.sock {"metadata":{"emulator":{"name":"functions"},"message":"[worker-asia-northeast1-api-13a182df-f785-497f-855a-dfe2c56f9e81]: Assigning socketPath: /var/folders/mm/3qp3082d37g5yh1sy87qqt180000gn/T/fire_emu_80574.sock"}}
[debug] [2021-09-27T07:08:14.312Z] [worker-asia-northeast1-api-13a182df-f785-497f-855a-dfe2c56f9e81]: BUSY {"metadata":{"emulator":{"name":"functions"},"message":"[worker-asia-northeast1-api-13a182df-f785-497f-855a-dfe2c56f9e81]: BUSY"}}
[debug] [2021-09-27T07:08:14.313Z] [runtime-status] [80574] Trigger "asia-northeast1-api" has been found, beginning invocation! {"metadata":{"emulator":{"name":"functions"},"function":{"name":"asia-northeast1-api"},"message":"[runtime-status] [80574] Trigger \"asia-northeast1-api\" has been found, beginning invocation!"}}
[info] i  functions: Beginning execution of "asia-northeast1-api" {"metadata":{"emulator":{"name":"functions"},"function":{"name":"asia-northeast1-api"},"message":"Beginning execution of \"asia-northeast1-api\""}}
[debug] [2021-09-27T07:08:14.316Z] [runtime-status] [80574] triggerDefinition {"regions":["asia-northeast1"],"httpsTrigger":{},"name":"api","entryPoint":"api","region":"asia-northeast1","id":"asia-northeast1-api"} {"metadata":{"emulator":{"name":"functions"},"function":{"name":"asia-northeast1-api"},"message":"[runtime-status] [80574] triggerDefinition {\"regions\":[\"asia-northeast1\"],\"httpsTrigger\":{},\"name\":\"api\",\"entryPoint\":\"api\",\"region\":\"asia-northeast1\",\"id\":\"asia-northeast1-api\"}"}}
[debug] [2021-09-27T07:08:14.316Z] [runtime-status] [80574] Running asia-northeast1-api in mode HTTPS {"metadata":{"emulator":{"name":"functions"},"function":{"name":"asia-northeast1-api"},"message":"[runtime-status] [80574] Running asia-northeast1-api in mode HTTPS"}}
[debug] [2021-09-27T07:08:14.317Z] [runtime-status] [80574] Attempting to listen to socketPath: /var/folders/mm/3qp3082d37g5yh1sy87qqt180000gn/T/fire_emu_80574.sock {"metadata":{"emulator":{"name":"functions"},"function":{"name":"asia-northeast1-api"},"message":"[runtime-status] [80574] Attempting to listen to socketPath: /var/folders/mm/3qp3082d37g5yh1sy87qqt180000gn/T/fire_emu_80574.sock"}}
[debug] [2021-09-27T07:08:14.319Z] [functions] Runtime ready! Sending request! {"metadata":{"emulator":{"name":"functions"},"message":"[functions] Runtime ready! Sending request!"}}
[debug] [2021-09-27T07:08:14.319Z] [functions] Got req.url=/test4-a29fa/asia-northeast1/api/messages, mapping to path=/messages {"metadata":{"emulator":{"name":"functions"},"message":"[functions] Got req.url=/test4-a29fa/asia-northeast1/api/messages, mapping to path=/messages"}}
[debug] [2021-09-27T07:08:14.323Z] [runtime-status] [80574] Ephemeral server handling GET request {"metadata":{"emulator":{"name":"functions"},"function":{"name":"asia-northeast1-api"},"message":"[runtime-status] [80574] Ephemeral server handling GET request"}}
[debug] [2021-09-27T07:08:14.330Z] [runtime-status] [80574] Ephemeral server survived. {"metadata":{"emulator":{"name":"functions"},"function":{"name":"asia-northeast1-api"},"message":"[runtime-status] [80574] Ephemeral server survived."}}
[info] i  functions: Finished "asia-northeast1-api" in ~1s {"metadata":{"emulator":{"name":"functions"},"function":{"name":"asia-northeast1-api"},"message":"Finished \"asia-northeast1-api\" in ~1s"}}
[debug] [2021-09-27T07:08:14.331Z] [worker-asia-northeast1-api-13a182df-f785-497f-855a-dfe2c56f9e81]: IDLE {"metadata":{"emulator":{"name":"functions"},"message":"[worker-asia-northeast1-api-13a182df-f785-497f-855a-dfe2c56f9e81]: IDLE"}}
[debug] [2021-09-27T07:08:14.331Z] [work-queue] {"queueLength":0,"workRunningCount":0}
[debug] [2021-09-27T07:08:17.494Z] [work-queue] {"queueLength":1,"workRunningCount":0}
[debug] [2021-09-27T07:08:17.495Z] [work-queue] {"queueLength":0,"workRunningCount":1}
[debug] [2021-09-27T07:08:17.495Z] Accepted request GET /test4-a29fa/asia-northeast1/api/messages/1 --> asia-northeast1-api
[debug] [2021-09-27T07:08:17.495Z] [worker-pool] submitWork(triggerId=asia-northeast1-api) {"metadata":{"emulator":{"name":"functions"},"message":"[worker-pool] submitWork(triggerId=asia-northeast1-api)"}}
[debug] [2021-09-27T07:08:17.495Z] [worker-asia-northeast1-api-13a182df-f785-497f-855a-dfe2c56f9e81]: Assigning socketPath: /var/folders/mm/3qp3082d37g5yh1sy87qqt180000gn/T/fire_emu_80574.sock {"metadata":{"emulator":{"name":"functions"},"message":"[worker-asia-northeast1-api-13a182df-f785-497f-855a-dfe2c56f9e81]: Assigning socketPath: /var/folders/mm/3qp3082d37g5yh1sy87qqt180000gn/T/fire_emu_80574.sock"}}
[debug] [2021-09-27T07:08:17.495Z] [worker-asia-northeast1-api-13a182df-f785-497f-855a-dfe2c56f9e81]: BUSY {"metadata":{"emulator":{"name":"functions"},"message":"[worker-asia-northeast1-api-13a182df-f785-497f-855a-dfe2c56f9e81]: BUSY"}}
[debug] [2021-09-27T07:08:17.496Z] [runtime-status] [80574] Trigger "asia-northeast1-api" has been found, beginning invocation! {"metadata":{"emulator":{"name":"functions"},"function":{"name":"asia-northeast1-api"},"message":"[runtime-status] [80574] Trigger \"asia-northeast1-api\" has been found, beginning invocation!"}}
[info] i  functions: Beginning execution of "asia-northeast1-api" {"metadata":{"emulator":{"name":"functions"},"function":{"name":"asia-northeast1-api"},"message":"Beginning execution of \"asia-northeast1-api\""}}
[debug] [2021-09-27T07:08:17.497Z] [runtime-status] [80574] triggerDefinition {"regions":["asia-northeast1"],"httpsTrigger":{},"name":"api","entryPoint":"api","region":"asia-northeast1","id":"asia-northeast1-api"} {"metadata":{"emulator":{"name":"functions"},"function":{"name":"asia-northeast1-api"},"message":"[runtime-status] [80574] triggerDefinition {\"regions\":[\"asia-northeast1\"],\"httpsTrigger\":{},\"name\":\"api\",\"entryPoint\":\"api\",\"region\":\"asia-northeast1\",\"id\":\"asia-northeast1-api\"}"}}
[debug] [2021-09-27T07:08:17.497Z] [runtime-status] [80574] Running asia-northeast1-api in mode HTTPS {"metadata":{"emulator":{"name":"functions"},"function":{"name":"asia-northeast1-api"},"message":"[runtime-status] [80574] Running asia-northeast1-api in mode HTTPS"}}
[debug] [2021-09-27T07:08:17.499Z] [runtime-status] [80574] Attempting to listen to socketPath: /var/folders/mm/3qp3082d37g5yh1sy87qqt180000gn/T/fire_emu_80574.sock {"metadata":{"emulator":{"name":"functions"},"function":{"name":"asia-northeast1-api"},"message":"[runtime-status] [80574] Attempting to listen to socketPath: /var/folders/mm/3qp3082d37g5yh1sy87qqt180000gn/T/fire_emu_80574.sock"}}
[debug] [2021-09-27T07:08:17.501Z] [functions] Runtime ready! Sending request! {"metadata":{"emulator":{"name":"functions"},"message":"[functions] Runtime ready! Sending request!"}}
[debug] [2021-09-27T07:08:17.501Z] [functions] Got req.url=/test4-a29fa/asia-northeast1/api/messages/1, mapping to path=/messages/1 {"metadata":{"emulator":{"name":"functions"},"message":"[functions] Got req.url=/test4-a29fa/asia-northeast1/api/messages/1, mapping to path=/messages/1"}}
[debug] [2021-09-27T07:08:17.504Z] [runtime-status] [80574] Ephemeral server handling GET request {"metadata":{"emulator":{"name":"functions"},"function":{"name":"asia-northeast1-api"},"message":"[runtime-status] [80574] Ephemeral server handling GET request"}}
[debug] [2021-09-27T07:08:17.505Z] [runtime-status] [80574] Ephemeral server survived. {"metadata":{"emulator":{"name":"functions"},"function":{"name":"asia-northeast1-api"},"message":"[runtime-status] [80574] Ephemeral server survived."}}
[info] i  functions: Finished "asia-northeast1-api" in ~1s {"metadata":{"emulator":{"name":"functions"},"function":{"name":"asia-northeast1-api"},"message":"Finished \"asia-northeast1-api\" in ~1s"}}
[debug] [2021-09-27T07:08:17.508Z] [worker-asia-northeast1-api-13a182df-f785-497f-855a-dfe2c56f9e81]: IDLE {"metadata":{"emulator":{"name":"functions"},"message":"[worker-asia-northeast1-api-13a182df-f785-497f-855a-dfe2c56f9e81]: IDLE"}}
[debug] [2021-09-27T07:08:17.508Z] [work-queue] {"queueLength":0,"workRunningCount":0}
[debug] [2021-09-27T07:10:17.284Z] File /Users/kosu/Desktop/my-fire/functions/index.js changed, reloading triggers {"metadata":{"emulator":{"name":"functions"},"message":"File /Users/kosu/Desktop/my-fire/functions/index.js changed, reloading triggers"}}
[debug] [2021-09-27T07:10:18.293Z] [worker-pool] Shutting down IDLE worker (~diagnostic~) {"metadata":{"emulator":{"name":"functions"},"message":"[worker-pool] Shutting down IDLE worker (~diagnostic~)"}}
[debug] [2021-09-27T07:10:18.293Z] [worker-~diagnostic~-1671b623-1c05-48b5-91bf-cac8a8239ad9]: FINISHING {"metadata":{"emulator":{"name":"functions"},"message":"[worker-~diagnostic~-1671b623-1c05-48b5-91bf-cac8a8239ad9]: FINISHING"}}
[debug] [2021-09-27T07:10:18.294Z] [worker-pool] Shutting down IDLE worker (asia-northeast1-api) {"metadata":{"emulator":{"name":"functions"},"message":"[worker-pool] Shutting down IDLE worker (asia-northeast1-api)"}}
[debug] [2021-09-27T07:10:18.295Z] [worker-asia-northeast1-api-13a182df-f785-497f-855a-dfe2c56f9e81]: FINISHING {"metadata":{"emulator":{"name":"functions"},"message":"[worker-asia-northeast1-api-13a182df-f785-497f-855a-dfe2c56f9e81]: FINISHING"}}
[debug] [2021-09-27T07:10:18.314Z] [worker-pool] addWorker(~diagnostic~) {"metadata":{"emulator":{"name":"functions"},"message":"[worker-pool] addWorker(~diagnostic~)"}}
[debug] [2021-09-27T07:10:18.314Z] [worker-pool] Adding worker with key ~diagnostic~, total=2 {"metadata":{"emulator":{"name":"functions"},"message":"[worker-pool] Adding worker with key ~diagnostic~, total=2"}}
[debug] [2021-09-27T07:10:18.315Z] [worker-pool] submitWork(triggerId=) {"metadata":{"emulator":{"name":"functions"},"message":"[worker-pool] submitWork(triggerId=)"}}
[debug] [2021-09-27T07:10:18.315Z] [worker-~diagnostic~-f95df4b7-246c-4585-a03b-79ea5ac6e459]: Assigning socketPath: /var/folders/mm/3qp3082d37g5yh1sy87qqt180000gn/T/fire_emu_80618.sock {"metadata":{"emulator":{"name":"functions"},"message":"[worker-~diagnostic~-f95df4b7-246c-4585-a03b-79ea5ac6e459]: Assigning socketPath: /var/folders/mm/3qp3082d37g5yh1sy87qqt180000gn/T/fire_emu_80618.sock"}}
[debug] [2021-09-27T07:10:18.315Z] [worker-~diagnostic~-f95df4b7-246c-4585-a03b-79ea5ac6e459]: BUSY {"metadata":{"emulator":{"name":"functions"},"message":"[worker-~diagnostic~-f95df4b7-246c-4585-a03b-79ea5ac6e459]: BUSY"}}
[debug] [2021-09-27T07:10:18.316Z] [worker-~diagnostic~-1671b623-1c05-48b5-91bf-cac8a8239ad9]: exited {"metadata":{"emulator":{"name":"functions"},"message":"[worker-~diagnostic~-1671b623-1c05-48b5-91bf-cac8a8239ad9]: exited"}}
[debug] [2021-09-27T07:10:18.316Z] [worker-~diagnostic~-1671b623-1c05-48b5-91bf-cac8a8239ad9]: FINISHED {"metadata":{"emulator":{"name":"functions"},"message":"[worker-~diagnostic~-1671b623-1c05-48b5-91bf-cac8a8239ad9]: FINISHED"}}
[debug] [2021-09-27T07:10:18.317Z] [worker-asia-northeast1-api-13a182df-f785-497f-855a-dfe2c56f9e81]: exited {"metadata":{"emulator":{"name":"functions"},"message":"[worker-asia-northeast1-api-13a182df-f785-497f-855a-dfe2c56f9e81]: exited"}}
[debug] [2021-09-27T07:10:18.317Z] [worker-asia-northeast1-api-13a182df-f785-497f-855a-dfe2c56f9e81]: FINISHED {"metadata":{"emulator":{"name":"functions"},"message":"[worker-asia-northeast1-api-13a182df-f785-497f-855a-dfe2c56f9e81]: FINISHED"}}
[debug] [2021-09-27T07:10:18.667Z] [runtime-status] [80618] Functions runtime initialized. {"cwd":"/Users/kosu/Desktop/my-fire/functions","node_version":"12.18.1"} {"metadata":{"emulator":{"name":"functions"},"message":"[runtime-status] [80618] Functions runtime initialized. {\"cwd\":\"/Users/kosu/Desktop/my-fire/functions\",\"node_version\":\"12.18.1\"}"}}
[debug] [2021-09-27T07:10:18.668Z] [runtime-status] [80618] Disabled runtime features: undefined {"metadata":{"emulator":{"name":"functions"},"message":"[runtime-status] [80618] Disabled runtime features: undefined"}}
[debug] [2021-09-27T07:10:18.669Z] [runtime-status] [80618] Resolved module firebase-admin {"declared":true,"installed":true,"version":"9.11.1","resolution":"/Users/kosu/Desktop/my-fire/functions/node_modules/firebase-admin/lib/index.js"} {"metadata":{"emulator":{"name":"functions"},"message":"[runtime-status] [80618] Resolved module firebase-admin {\"declared\":true,\"installed\":true,\"version\":\"9.11.1\",\"resolution\":\"/Users/kosu/Desktop/my-fire/functions/node_modules/firebase-admin/lib/index.js\"}"}}
[debug] [2021-09-27T07:10:18.670Z] [runtime-status] [80618] Resolved module firebase-functions {"declared":true,"installed":true,"version":"3.15.7","resolution":"/Users/kosu/Desktop/my-fire/functions/node_modules/firebase-functions/lib/index.js"} {"metadata":{"emulator":{"name":"functions"},"message":"[runtime-status] [80618] Resolved module firebase-functions {\"declared\":true,\"installed\":true,\"version\":\"3.15.7\",\"resolution\":\"/Users/kosu/Desktop/my-fire/functions/node_modules/firebase-functions/lib/index.js\"}"}}
[debug] [2021-09-27T07:10:18.671Z] [runtime-status] [80618] Resolved module firebase-functions {"declared":true,"installed":true,"version":"3.15.7","resolution":"/Users/kosu/Desktop/my-fire/functions/node_modules/firebase-functions/lib/index.js"} {"metadata":{"emulator":{"name":"functions"},"message":"[runtime-status] [80618] Resolved module firebase-functions {\"declared\":true,\"installed\":true,\"version\":\"3.15.7\",\"resolution\":\"/Users/kosu/Desktop/my-fire/functions/node_modules/firebase-functions/lib/index.js\"}"}}
[debug] [2021-09-27T07:10:18.672Z] [runtime-status] [80618] Outgoing network have been stubbed. [{"name":"http","status":"mocked"},{"name":"http","status":"mocked"},{"name":"https","status":"mocked"},{"name":"https","status":"mocked"},{"name":"net","status":"mocked"}] {"metadata":{"emulator":{"name":"functions"},"message":"[runtime-status] [80618] Outgoing network have been stubbed. [{\"name\":\"http\",\"status\":\"mocked\"},{\"name\":\"http\",\"status\":\"mocked\"},{\"name\":\"https\",\"status\":\"mocked\"},{\"name\":\"https\",\"status\":\"mocked\"},{\"name\":\"net\",\"status\":\"mocked\"}]"}}
[debug] [2021-09-27T07:10:18.673Z] [runtime-status] [80618] Resolved module firebase-functions {"declared":true,"installed":true,"version":"3.15.7","resolution":"/Users/kosu/Desktop/my-fire/functions/node_modules/firebase-functions/lib/index.js"} {"metadata":{"emulator":{"name":"functions"},"message":"[runtime-status] [80618] Resolved module firebase-functions {\"declared\":true,\"installed\":true,\"version\":\"3.15.7\",\"resolution\":\"/Users/kosu/Desktop/my-fire/functions/node_modules/firebase-functions/lib/index.js\"}"}}
[debug] [2021-09-27T07:10:18.707Z] [runtime-status] [80618] Checked functions.config() {"config":{}} {"metadata":{"emulator":{"name":"functions"},"message":"[runtime-status] [80618] Checked functions.config() {\"config\":{}}"}}
[debug] [2021-09-27T07:10:18.707Z] [runtime-status] [80618] firebase-functions has been stubbed. {"functionsResolution":{"declared":true,"installed":true,"version":"3.15.7","resolution":"/Users/kosu/Desktop/my-fire/functions/node_modules/firebase-functions/lib/index.js"}} {"metadata":{"emulator":{"name":"functions"},"message":"[runtime-status] [80618] firebase-functions has been stubbed. {\"functionsResolution\":{\"declared\":true,\"installed\":true,\"version\":\"3.15.7\",\"resolution\":\"/Users/kosu/Desktop/my-fire/functions/node_modules/firebase-functions/lib/index.js\"}}"}}
[debug] [2021-09-27T07:10:18.707Z] [runtime-status] [80618] Resolved module firebase-functions {"declared":true,"installed":true,"version":"3.15.7","resolution":"/Users/kosu/Desktop/my-fire/functions/node_modules/firebase-functions/lib/index.js"} {"metadata":{"emulator":{"name":"functions"},"message":"[runtime-status] [80618] Resolved module firebase-functions {\"declared\":true,\"installed\":true,\"version\":\"3.15.7\",\"resolution\":\"/Users/kosu/Desktop/my-fire/functions/node_modules/firebase-functions/lib/index.js\"}"}}
[debug] [2021-09-27T07:10:18.708Z] [runtime-status] [80618] Resolved module firebase-admin {"declared":true,"installed":true,"version":"9.11.1","resolution":"/Users/kosu/Desktop/my-fire/functions/node_modules/firebase-admin/lib/index.js"} {"metadata":{"emulator":{"name":"functions"},"message":"[runtime-status] [80618] Resolved module firebase-admin {\"declared\":true,\"installed\":true,\"version\":\"9.11.1\",\"resolution\":\"/Users/kosu/Desktop/my-fire/functions/node_modules/firebase-admin/lib/index.js\"}"}}
[debug] [2021-09-27T07:10:18.708Z] [runtime-status] [80618] Resolved module firebase-functions {"declared":true,"installed":true,"version":"3.15.7","resolution":"/Users/kosu/Desktop/my-fire/functions/node_modules/firebase-functions/lib/index.js"} {"metadata":{"emulator":{"name":"functions"},"message":"[runtime-status] [80618] Resolved module firebase-functions {\"declared\":true,\"installed\":true,\"version\":\"3.15.7\",\"resolution\":\"/Users/kosu/Desktop/my-fire/functions/node_modules/firebase-functions/lib/index.js\"}"}}
[debug] [2021-09-27T07:10:18.709Z] [runtime-status] [80618] firebase-admin has been stubbed. {"adminResolution":{"declared":true,"installed":true,"version":"9.11.1","resolution":"/Users/kosu/Desktop/my-fire/functions/node_modules/firebase-admin/lib/index.js"}} {"metadata":{"emulator":{"name":"functions"},"message":"[runtime-status] [80618] firebase-admin has been stubbed. {\"adminResolution\":{\"declared\":true,\"installed\":true,\"version\":\"9.11.1\",\"resolution\":\"/Users/kosu/Desktop/my-fire/functions/node_modules/firebase-admin/lib/index.js\"}}"}}
[debug] [2021-09-27T07:10:18.784Z] [worker-~diagnostic~-f95df4b7-246c-4585-a03b-79ea5ac6e459]: IDLE {"metadata":{"emulator":{"name":"functions"},"message":"[worker-~diagnostic~-f95df4b7-246c-4585-a03b-79ea5ac6e459]: IDLE"}}
