[debug] [2021-09-25T13:55:18.706Z] ----------------------------------------------------------------------
[debug] [2021-09-25T13:55:18.707Z] Command:       /usr/local/bin/firebase /Users/kosu/.cache/firebase/tools/lib/node_modules/firebase-tools/lib/bin/firebase init
[debug] [2021-09-25T13:55:18.707Z] CLI Version:   9.18.0
[debug] [2021-09-25T13:55:18.707Z] Platform:      darwin
[debug] [2021-09-25T13:55:18.707Z] Node Version:  v12.18.1
[debug] [2021-09-25T13:55:18.709Z] Time:          Sat Sep 25 2021 22:55:18 GMT+0900 (GMT+09:00)
[debug] [2021-09-25T13:55:18.709Z] ----------------------------------------------------------------------
[debug] 
[debug] [2021-09-25T13:55:18.776Z] > command requires scopes: ["email","openid","https://www.googleapis.com/auth/cloudplatformprojects.readonly","https://www.googleapis.com/auth/firebase","https://www.googleapis.com/auth/cloud-platform"]
[debug] [2021-09-25T13:55:18.776Z] > authorizing via signed-in user (kosumon27@gmail.com)
[info] 
     ######## #### ########  ######## ########     ###     ######  ########
     ##        ##  ##     ## ##       ##     ##  ##   ##  ##       ##
     ######    ##  ########  ######   ########  #########  ######  ######
     ##        ##  ##    ##  ##       ##     ## ##     ##       ## ##
     ##       #### ##     ## ######## ########  ##     ##  ######  ########

You're about to initialize a Firebase project in this directory:

  /Users/kosu/Desktop/my-fire

Before we get started, keep in mind:

  * You are initializing within an existing Firebase project directory

[info] 
=== Project Setup
[info] 
[info] First, let's associate this project directory with a Firebase project.
[info] You can create multiple project aliases by running firebase use --add, 
[info] but for now we'll just set up a default project.
[info] 
[info] i  .firebaserc already has a default project, using test3-971f7. 
[debug] [2021-09-25T13:55:38.117Z] > refreshing access token with scopes: []
[debug] [2021-09-25T13:55:38.117Z] >>> HTTP REQUEST POST https://www.googleapis.com/oauth2/v3/token  
 <request body omitted>
[debug] [2021-09-25T13:55:38.461Z] <<< HTTP RESPONSE 200 {"date":"Sat, 25 Sep 2021 13:55:38 GMT","cache-control":"no-cache, no-store, max-age=0, must-revalidate","pragma":"no-cache","expires":"Mon, 01 Jan 1990 00:00:00 GMT","content-type":"application/json; charset=utf-8","vary":"X-Origin, Referer, Origin,Accept-Encoding","server":"scaffolding on HTTPServer2","x-xss-protection":"0","x-frame-options":"SAMEORIGIN","x-content-type-options":"nosniff","alt-svc":"h3=\":443\"; ma=2592000,h3-29=\":443\"; ma=2592000,h3-T051=\":443\"; ma=2592000,h3-Q050=\":443\"; ma=2592000,h3-Q046=\":443\"; ma=2592000,h3-Q043=\":443\"; ma=2592000,quic=\":443\"; ma=2592000; v=\"46,43\"","accept-ranges":"none","transfer-encoding":"chunked"}
[debug] [2021-09-25T13:55:38.506Z] >>> [apiv2][query] GET https://firebase.googleapis.com/v1beta1/projects/test3-971f7 [none]
[debug] [2021-09-25T13:55:39.173Z] <<< [apiv2][status] GET https://firebase.googleapis.com/v1beta1/projects/test3-971f7 200
[debug] [2021-09-25T13:55:39.174Z] <<< [apiv2][body] GET https://firebase.googleapis.com/v1beta1/projects/test3-971f7 {"projectId":"test3-971f7","projectNumber":"677235423907","displayName":"test3","name":"projects/test3-971f7","resources":{"hostingSite":"test3-971f7","storageBucket":"test3-971f7.appspot.com","locationId":"europe-west"},"state":"ACTIVE"}
[info] 
=== Functions Setup
[info] 
[info] A functions directory will be created in your project with sample code
[info] pre-configured. Functions can be deployed with firebase deploy.
[info] 
[debug] [2021-09-25T13:55:39.175Z] > command requires scopes: ["email","openid","https://www.googleapis.com/auth/cloudplatformprojects.readonly","https://www.googleapis.com/auth/firebase","https://www.googleapis.com/auth/cloud-platform"]
[debug] [2021-09-25T13:55:39.175Z] > authorizing via signed-in user (kosumon27@gmail.com)
[debug] [2021-09-25T13:55:39.175Z] [iam] checking project test3-971f7 for permissions ["firebase.projects.get"]
[debug] [2021-09-25T13:55:39.176Z] > refreshing access token with scopes: ["email","https://www.googleapis.com/auth/cloud-platform","https://www.googleapis.com/auth/cloudplatformprojects.readonly","https://www.googleapis.com/auth/firebase","openid"]
[debug] [2021-09-25T13:55:39.176Z] >>> HTTP REQUEST POST https://www.googleapis.com/oauth2/v3/token  
 <request body omitted>
[debug] [2021-09-25T13:55:39.391Z] <<< HTTP RESPONSE 200 {"pragma":"no-cache","cache-control":"no-cache, no-store, max-age=0, must-revalidate","expires":"Mon, 01 Jan 1990 00:00:00 GMT","date":"Sat, 25 Sep 2021 13:55:39 GMT","content-type":"application/json; charset=utf-8","vary":"X-Origin, Referer, Origin,Accept-Encoding","server":"scaffolding on HTTPServer2","x-xss-protection":"0","x-frame-options":"SAMEORIGIN","x-content-type-options":"nosniff","alt-svc":"h3=\":443\"; ma=2592000,h3-29=\":443\"; ma=2592000,h3-T051=\":443\"; ma=2592000,h3-Q050=\":443\"; ma=2592000,h3-Q046=\":443\"; ma=2592000,h3-Q043=\":443\"; ma=2592000,quic=\":443\"; ma=2592000; v=\"46,43\"","accept-ranges":"none","transfer-encoding":"chunked"}
[debug] [2021-09-25T13:55:39.432Z] >>> HTTP REQUEST POST https://cloudresourcemanager.googleapis.com/v1/projects/test3-971f7:testIamPermissions  
 {"permissions":["firebase.projects.get"]}
[debug] [2021-09-25T13:55:40.282Z] <<< HTTP RESPONSE 200 {"content-type":"application/json; charset=UTF-8","vary":"X-Origin, Referer, Origin,Accept-Encoding","date":"Sat, 25 Sep 2021 13:55:40 GMT","server":"ESF","cache-control":"private","x-xss-protection":"0","x-frame-options":"SAMEORIGIN","x-content-type-options":"nosniff","server-timing":"gfet4t7; dur=588","alt-svc":"h3=\":443\"; ma=2592000,h3-29=\":443\"; ma=2592000,h3-T051=\":443\"; ma=2592000,h3-Q050=\":443\"; ma=2592000,h3-Q046=\":443\"; ma=2592000,h3-Q043=\":443\"; ma=2592000,quic=\":443\"; ma=2592000; v=\"46,43\"","accept-ranges":"none","transfer-encoding":"chunked"}
[debug] [2021-09-25T13:55:40.285Z] >>> HTTP REQUEST POST https://serviceusage.googleapis.com/v1/projects/test3-971f7/services/cloudfunctions.googleapis.com:enable  
 
[debug] [2021-09-25T13:55:40.286Z] >>> HTTP REQUEST POST https://serviceusage.googleapis.com/v1/projects/test3-971f7/services/runtimeconfig.googleapis.com:enable  
 
[debug] [2021-09-25T13:55:41.418Z] <<< HTTP RESPONSE 200 {"content-type":"application/json; charset=UTF-8","vary":"X-Origin, Referer, Origin,Accept-Encoding","date":"Sat, 25 Sep 2021 13:55:41 GMT","server":"ESF","cache-control":"private","x-xss-protection":"0","x-frame-options":"SAMEORIGIN","x-content-type-options":"nosniff","alt-svc":"h3=\":443\"; ma=2592000,h3-29=\":443\"; ma=2592000,h3-T051=\":443\"; ma=2592000,h3-Q050=\":443\"; ma=2592000,h3-Q046=\":443\"; ma=2592000,h3-Q043=\":443\"; ma=2592000,quic=\":443\"; ma=2592000; v=\"46,43\"","accept-ranges":"none","transfer-encoding":"chunked"}
[debug] [2021-09-25T13:55:41.646Z] <<< HTTP RESPONSE 200 {"content-type":"application/json; charset=UTF-8","vary":"X-Origin, Referer, Origin,Accept-Encoding","date":"Sat, 25 Sep 2021 13:55:41 GMT","server":"ESF","cache-control":"private","x-xss-protection":"0","x-frame-options":"SAMEORIGIN","x-content-type-options":"nosniff","alt-svc":"h3=\":443\"; ma=2592000,h3-29=\":443\"; ma=2592000,h3-T051=\":443\"; ma=2592000,h3-Q050=\":443\"; ma=2592000,h3-Q046=\":443\"; ma=2592000,h3-Q043=\":443\"; ma=2592000,quic=\":443\"; ma=2592000; v=\"46,43\"","accept-ranges":"none","transfer-encoding":"chunked"}
[debug] [2021-09-25T13:56:01.899Z] TypeError: Cannot read property 'setRawMode' of null
    at ReadStream.setRawMode (tty.js:75:28)
    at Interface._setRawMode (readline.js:290:16)
    at Interface.close (readline.js:413:10)
    at ReadStream.ontermend (readline.js:201:10)
    at ReadStream.emit (events.js:327:22)
    at ReadStream.EventEmitter.emit (domain.js:482:12)
    at endReadableNT (_stream_readable.js:1221:12)
    at processTicksAndRejections (internal/process/task_queues.js:84:21)
